0 info it worked if it ends with ok
1 verbose cli [ '/usr/bin/node', '/usr/bin/npm', 'install', 'package.json' ]
2 info using npm@2.0.2
3 info using node@v0.10.32
4 verbose readDependencies using package.json deps
5 verbose cache add [ 'package.json', null ]
6 verbose cache add spec="package.json" args=["package.json",null]
7 verbose parsed spec { raw: 'package.json',
7 verbose parsed spec   scope: null,
7 verbose parsed spec   name: 'package.json',
7 verbose parsed spec   rawSpec: '',
7 verbose parsed spec   spec: '*',
7 verbose parsed spec   type: 'range' }
8 verbose cache add local package /home/jthurst3/cperror/package.json
9 silly lockFile 7030d0b2-package-json package.json
10 verbose lock package.json /home/jthurst3/.npm/7030d0b2-package-json.lock
11 verbose tar unpack /tmp/npm-17833-QMgtk4P8/1412467532952-0.8728973374236375/tmp.tgz
12 silly lockFile 1f9e7241--8728973374236375-tmp-tgz-unpack tar:///tmp/npm-17833-QMgtk4P8/1412467532952-0.8728973374236375/tmp.tgz-unpack
13 verbose lock tar:///tmp/npm-17833-QMgtk4P8/1412467532952-0.8728973374236375/tmp.tgz-unpack /home/jthurst3/.npm/1f9e7241--8728973374236375-tmp-tgz-unpack.lock
14 silly lockFile e63c19ed-32952-0-8728973374236375-tmp-tgz tar:///tmp/npm-17833-QMgtk4P8/1412467532952-0.8728973374236375/tmp.tgz
15 verbose lock tar:///tmp/npm-17833-QMgtk4P8/1412467532952-0.8728973374236375/tmp.tgz /home/jthurst3/.npm/e63c19ed-32952-0-8728973374236375-tmp-tgz.lock
16 verbose gentlyRm vacuuming /tmp/npm-17833-QMgtk4P8/1412467532952-0.8728973374236375/tmp.tgz-unpack
17 silly gunzTarPerm modes [ '755', '644' ]
18 error not a package /tmp/npm-17833-QMgtk4P8/1412467532952-0.8728973374236375/tmp.tgz
19 silly lockFile 1f9e7241--8728973374236375-tmp-tgz-unpack tar:///tmp/npm-17833-QMgtk4P8/1412467532952-0.8728973374236375/tmp.tgz-unpack
20 silly lockFile 1f9e7241--8728973374236375-tmp-tgz-unpack tar:///tmp/npm-17833-QMgtk4P8/1412467532952-0.8728973374236375/tmp.tgz-unpack
21 silly lockFile e63c19ed-32952-0-8728973374236375-tmp-tgz tar:///tmp/npm-17833-QMgtk4P8/1412467532952-0.8728973374236375/tmp.tgz
22 silly lockFile e63c19ed-32952-0-8728973374236375-tmp-tgz tar:///tmp/npm-17833-QMgtk4P8/1412467532952-0.8728973374236375/tmp.tgz
23 silly lockFile 7030d0b2-package-json package.json
24 silly lockFile 7030d0b2-package-json package.json
25 error addLocal Could not install package.json
26 verbose stack Error: ENOENT, open '/tmp/npm-17833-QMgtk4P8/1412467532952-0.8728973374236375/tmp.tgz-unpack/package.json'
27 verbose cwd /home/jthurst3/cperror
28 error Linux 3.14.2-1-ARCH
29 error argv "/usr/bin/node" "/usr/bin/npm" "install" "package.json"
30 error node v0.10.32
31 error npm  v2.0.2
32 error path /tmp/npm-17833-QMgtk4P8/1412467532952-0.8728973374236375/tmp.tgz-unpack/package.json
33 error code ENOENT
34 error errno 34
35 error ENOENT, open '/tmp/npm-17833-QMgtk4P8/1412467532952-0.8728973374236375/tmp.tgz-unpack/package.json'
36 error If you need help, you may report this error at:
36 error     <http://github.com/npm/npm/issues>
37 verbose exit [ 34, true ]
